TN:
SF:src\controllers\session-ctrl.js
FN:6,create
FNF:1
FNH:1
FNDA:10,create
DA:1,1
DA:2,1
DA:3,1
DA:4,1
DA:5,1
DA:6,1
DA:7,10
DA:8,10
DA:9,10
DA:10,10
DA:11,2
DA:12,2
DA:13,2
DA:14,8
DA:15,10
DA:16,1
DA:17,1
DA:18,1
DA:19,7
DA:20,10
DA:21,2
DA:22,2
DA:23,2
DA:24,3
DA:25,3
DA:26,2
DA:27,2
DA:28,10
DA:29,8
DA:30,8
DA:31,10
DA:32,1
DA:33,1
DA:34,1
LF:34
LH:34
BRDA:6,0,0,10
BRDA:10,1,0,2
BRDA:13,2,0,8
BRDA:15,3,0,1
BRDA:18,4,0,7
BRDA:20,5,0,5
BRDA:20,6,0,7
BRDA:20,7,0,2
BRDA:23,8,0,3
BRDA:26,9,0,2
BRDA:28,10,0,8
BRDA:29,11,0,1
BRDA:29,12,0,1
BRF:13
BRH:13
end_of_record
TN:
SF:src\controllers\user-ctrl.js
FN:5,create
FN:30,changePassword
FNF:2
FNH:2
FNDA:7,create
FNDA:1,changePassword
DA:1,1
DA:2,1
DA:3,1
DA:4,1
DA:5,1
DA:6,7
DA:7,7
DA:8,7
DA:9,7
DA:10,2
DA:11,2
DA:12,4
DA:13,7
DA:14,2
DA:15,2
DA:16,2
DA:17,2
DA:18,2
DA:19,2
DA:20,7
DA:21,5
DA:22,5
DA:23,5
DA:24,4
DA:25,4
DA:26,4
DA:27,4
DA:28,7
DA:29,1
DA:30,1
DA:31,1
DA:32,1
DA:33,1
DA:34,1
DA:35,1
DA:36,1
DA:37,1
DA:38,1
LF:38
LH:38
BRDA:5,0,0,7
BRDA:9,1,0,2
BRDA:11,2,0,4
BRDA:13,3,0,2
BRDA:20,4,0,5
BRDA:23,5,0,1
BRDA:23,6,0,4
BRDA:30,7,0,1
BRF:8
BRH:8
end_of_record
TN:
SF:src\middlewares\auth.js
FN:3,Object.<anonymous>.module.exports
FNF:1
FNH:1
FNDA:3,Object.<anonymous>.module.exports
DA:1,1
DA:2,1
DA:3,1
DA:4,3
DA:5,1
DA:6,1
DA:7,2
DA:8,2
DA:9,2
DA:10,2
DA:11,2
DA:12,1
DA:13,1
DA:14,1
DA:15,1
DA:16,1
DA:17,1
DA:18,1
DA:19,1
DA:20,1
DA:21,3
LF:21
LH:21
BRDA:3,0,0,3
BRDA:4,1,0,1
BRDA:6,2,0,2
BRDA:12,3,0,1
BRF:4
BRH:4
end_of_record
TN:
SF:src\schemas\User.js
FN:1,Object.<anonymous>
FNF:1
FNH:1
FNDA:5,Object.<anonymous>
DA:1,5
DA:2,5
DA:3,5
DA:4,5
DA:5,5
DA:6,5
DA:7,5
DA:8,5
DA:9,5
LF:9
LH:9
BRDA:1,0,0,5
BRDA:1,1,0,5
BRF:2
BRH:2
end_of_record
TN:
SF:src\services\session-service.js
FN:1,Object.<anonymous>
FN:4,generateToken
FNF:2
FNH:2
FNDA:3,Object.<anonymous>
FNDA:2,generateToken
DA:1,3
DA:2,3
DA:3,3
DA:4,3
DA:5,2
DA:6,2
DA:7,3
DA:8,3
DA:9,3
DA:10,3
DA:11,3
LF:11
LH:11
BRDA:1,0,0,3
BRDA:1,1,0,3
BRDA:4,2,0,2
BRF:3
BRH:3
end_of_record
TN:
SF:src\services\user-service.js
FN:4,createUser
FN:14,userExistsAndCheckPassword
FNF:2
FNH:2
FNDA:2,createUser
FNDA:4,userExistsAndCheckPassword
DA:1,1
DA:2,1
DA:3,1
DA:4,1
DA:5,2
DA:6,2
DA:7,2
DA:8,2
DA:9,2
DA:10,2
DA:11,2
DA:12,2
DA:13,1
DA:14,1
DA:15,4
DA:16,4
DA:17,4
DA:18,1
DA:19,1
DA:20,1
DA:21,3
DA:22,4
DA:23,1
DA:24,1
DA:25,2
DA:26,2
DA:27,2
DA:28,1
DA:29,1
DA:30,1
LF:30
LH:30
BRDA:4,0,0,2
BRDA:14,1,0,4
BRDA:17,2,0,1
BRDA:20,3,0,3
BRDA:22,4,0,1
BRDA:24,5,0,2
BRF:6
BRH:6
end_of_record
TN:
SF:src\utils\email-validator.js
FN:1,Object.<anonymous>
FN:2,isValid
FNF:2
FNH:2
FNDA:5,Object.<anonymous>
FNDA:19,isValid
DA:1,5
DA:2,5
DA:3,19
DA:4,19
DA:5,18
DA:6,18
DA:7,18
DA:8,5
DA:9,5
DA:10,5
DA:11,5
DA:12,5
LF:12
LH:12
BRDA:1,0,0,5
BRDA:1,1,0,5
BRDA:2,2,0,19
BRDA:3,3,0,1
BRDA:4,4,0,18
BRF:5
BRH:5
end_of_record
TN:
SF:tests\mocks\controllers-mocks.js
FN:11,requestMockByParam
FN:32,status
FN:34,json
FN:44,authMock
FNF:4
FNH:4
FNDA:9,requestMockByParam
FNDA:20,status
FNDA:20,json
FNDA:3,authMock
DA:1,1
DA:2,1
DA:3,1
DA:4,1
DA:5,1
DA:6,1
DA:7,1
DA:8,1
DA:9,1
DA:10,1
DA:11,1
DA:12,9
DA:13,9
DA:14,9
DA:15,9
DA:16,1
DA:17,1
DA:18,1
DA:19,1
DA:20,1
DA:21,1
DA:22,1
DA:23,1
DA:24,1
DA:25,1
DA:26,1
DA:27,1
DA:28,1
DA:29,1
DA:30,1
DA:31,1
DA:32,1
DA:33,20
DA:34,20
DA:35,20
DA:36,20
DA:37,20
DA:38,20
DA:39,20
DA:40,20
DA:41,20
DA:42,1
DA:43,1
DA:44,1
DA:45,3
DA:46,3
DA:47,3
DA:48,3
DA:49,3
DA:50,3
DA:51,1
DA:52,1
DA:53,1
DA:54,1
DA:55,1
DA:56,1
DA:57,1
DA:58,1
DA:59,1
LF:59
LH:59
BRDA:11,0,0,9
BRDA:32,1,0,20
BRDA:34,2,0,20
BRDA:44,3,0,3
BRF:4
BRH:4
end_of_record
TN:
SF:tests\mocks\session-mock.js
FN:12,userExistsAndCheckPasswordMock
FNF:1
FNH:1
FNDA:3,userExistsAndCheckPasswordMock
DA:1,1
DA:2,1
DA:3,1
DA:4,1
DA:5,1
DA:6,1
DA:7,1
DA:8,1
DA:9,1
DA:10,1
DA:11,1
DA:12,1
DA:13,3
DA:14,3
DA:15,1
DA:16,1
DA:17,1
DA:18,2
DA:19,3
DA:20,1
DA:21,1
DA:22,1
DA:23,1
DA:24,1
DA:25,1
DA:26,1
DA:27,1
DA:28,1
DA:29,1
DA:30,1
LF:30
LH:30
BRDA:12,0,0,3
BRDA:14,1,0,1
BRDA:17,2,0,2
BRDA:19,3,0,1
BRF:4
BRH:4
end_of_record
TN:
SF:tests\mocks\user-mock.js
FNF:0
FNH:0
DA:1,1
DA:2,1
DA:3,1
DA:4,1
DA:5,1
DA:6,1
DA:7,1
DA:8,1
LF:8
LH:8
BRF:0
BRH:0
end_of_record
